<?xml version="1.0" encoding="UTF-8"?>
<testsuite xmlns:xsi="http://www.w3.org/2001/XMLSchema-instance" xsi:noNamespaceSchemaLocation="https://maven.apache.org/surefire/maven-surefire-plugin/xsd/surefire-test-report.xsd" name="com.challenge.feature.controller.FeatureControllerTest" time="2.353" tests="4" errors="0" skipped="0" failures="1">
  <properties>
[...]
</properties>
  <testcase name="getImageTest" classname="com.challenge.feature.controller.FeatureControllerTest" time="0.261"/>
  <testcase name="listAllFeaturesTest" classname="com.challenge.feature.controller.FeatureControllerTest" time="0.028">
    <failure message="expected:&lt;14&gt; but was:&lt;6&gt;" type="java.lang.AssertionError"><![CDATA[java.lang.AssertionError: expected:<14> but was:<6>
	at com.challenge.feature.controller.FeatureControllerTest.listAllFeaturesTest(FeatureControllerTest.java:31)
]]></failure>
    <system-out><![CDATA[2021-11-01 23:42:28.250  INFO 7649 --- [           main] o.s.b.t.m.w.SpringBootMockServletContext : Initializing Spring TestDispatcherServlet ''
2021-11-01 23:42:28.250  INFO 7649 --- [           main] o.s.t.web.servlet.TestDispatcherServlet  : Initializing Servlet ''
2021-11-01 23:42:28.252  INFO 7649 --- [           main] o.s.t.web.servlet.TestDispatcherServlet  : Completed initialization in 2 ms
]]></system-out>
  </testcase>
  <testcase name="getFeatureTestSucces" classname="com.challenge.feature.controller.FeatureControllerTest" time="0.006"/>
  <testcase name="getFeatureTestFailure" classname="com.challenge.feature.controller.FeatureControllerTest" time="0.007"/>
</testsuite>